[0m14:08:32.319720 [debug] [MainThread]: Sending event: {'category': 'dbt', 'action': 'invocation', 'label': 'start', 'context': [<snowplow_tracker.self_describing_json.SelfDescribingJson object at 0x10b2c0d00>, <snowplow_tracker.self_describing_json.SelfDescribingJson object at 0x10de68ac0>, <snowplow_tracker.self_describing_json.SelfDescribingJson object at 0x10de98250>]}


============================== 14:08:32.325695 | 0b0d0a83-743a-47fc-b1df-219c732c97e1 ==============================
[0m14:08:32.325695 [info ] [MainThread]: Running with dbt=1.6.0
[0m14:08:32.326315 [debug] [MainThread]: running dbt with arguments {'printer_width': '80', 'indirect_selection': 'eager', 'write_json': 'True', 'log_cache_events': 'False', 'partial_parse': 'True', 'cache_selected_only': 'False', 'profiles_dir': '/Users/shaunjaybrown/.dbt', 'fail_fast': 'False', 'debug': 'False', 'log_path': 'logs', 'version_check': 'True', 'warn_error': 'None', 'use_colors': 'True', 'use_experimental_parser': 'False', 'no_print': 'None', 'quiet': 'False', 'warn_error_options': 'WarnErrorOptions(include=[], exclude=[])', 'invocation_command': 'dbt init', 'introspect': 'True', 'log_format': 'default', 'target_path': 'None', 'static_parser': 'True', 'send_anonymous_usage_stats': 'True'}
[0m14:21:03.106723 [debug] [MainThread]: Starter project path: /Users/shaunjaybrown/projects/repo/DataDrivenHealthcare/Developer/dbt-env/lib/python3.9/site-packages/dbt/include/starter_project
[0m14:21:03.113070 [info ] [MainThread]: 
Your new dbt project "dbt_health" was created!

For more information on how to configure the profiles.yml file,
please consult the dbt documentation here:

  https://docs.getdbt.com/docs/configure-your-profile

One more thing:

Need help? Don't hesitate to reach out to us via GitHub issues or on Slack:

  https://community.getdbt.com/

Happy modeling!

[0m14:21:03.113585 [info ] [MainThread]: Setting up your profile.
[0m14:40:49.596570 [info ] [MainThread]: Profile dbt_health written to /Users/shaunjaybrown/.dbt/profiles.yml using target's profile_template.yml and your supplied values. Run 'dbt debug' to validate the connection.
[0m14:40:49.597460 [debug] [MainThread]: Command `dbt init` succeeded at 14:40:49.597313 after 1937.29 seconds
[0m14:40:49.597905 [debug] [MainThread]: Sending event: {'category': 'dbt', 'action': 'invocation', 'label': 'end', 'context': [<snowplow_tracker.self_describing_json.SelfDescribingJson object at 0x10b2c0d00>, <snowplow_tracker.self_describing_json.SelfDescribingJson object at 0x10de68ac0>, <snowplow_tracker.self_describing_json.SelfDescribingJson object at 0x10de59ee0>]}
[0m14:40:49.598378 [debug] [MainThread]: Flushing usage events
[0m18:37:14.928779 [debug] [MainThread]: Sending event: {'category': 'dbt', 'action': 'invocation', 'label': 'start', 'context': [<snowplow_tracker.self_describing_json.SelfDescribingJson object at 0x109c57d00>, <snowplow_tracker.self_describing_json.SelfDescribingJson object at 0x10c7ffa90>, <snowplow_tracker.self_describing_json.SelfDescribingJson object at 0x10c82e220>]}


============================== 18:37:14.935940 | d4cbb6d8-894b-4366-bdad-c84980138a36 ==============================
[0m18:37:14.935940 [info ] [MainThread]: Running with dbt=1.6.0
[0m18:37:14.936595 [debug] [MainThread]: running dbt with arguments {'printer_width': '80', 'indirect_selection': 'eager', 'log_cache_events': 'False', 'write_json': 'True', 'partial_parse': 'True', 'cache_selected_only': 'False', 'profiles_dir': '/Users/shaunjaybrown/.dbt', 'debug': 'False', 'warn_error': 'None', 'log_path': 'logs', 'fail_fast': 'False', 'version_check': 'True', 'use_colors': 'True', 'use_experimental_parser': 'False', 'no_print': 'None', 'quiet': 'False', 'log_format': 'default', 'introspect': 'True', 'static_parser': 'True', 'invocation_command': 'dbt debug', 'target_path': 'None', 'warn_error_options': 'WarnErrorOptions(include=[], exclude=[])', 'send_anonymous_usage_stats': 'True'}
[0m18:37:14.937259 [info ] [MainThread]: dbt version: 1.6.0
[0m18:37:14.937669 [info ] [MainThread]: python version: 3.9.10
[0m18:37:14.938083 [info ] [MainThread]: python path: /Users/shaunjaybrown/projects/repo/DataDrivenHealthcare/Developer/dbt-env/bin/python3
[0m18:37:14.938479 [info ] [MainThread]: os info: macOS-13.4.1-x86_64-i386-64bit
[0m18:37:15.433835 [info ] [MainThread]: Using profiles dir at /Users/shaunjaybrown/.dbt
[0m18:37:15.434256 [info ] [MainThread]: Using profiles.yml file at /Users/shaunjaybrown/.dbt/profiles.yml
[0m18:37:15.434564 [info ] [MainThread]: Using dbt_project.yml file at /Users/shaunjaybrown/projects/repo/DataDrivenHealthcare/Developer/dbt_project.yml
[0m18:37:15.434965 [error] [MainThread]: Encountered an error:
Internal Error
  Profile should not be None if loading profile completed
[0m18:37:15.435600 [debug] [MainThread]: Command `dbt debug` failed at 18:37:15.435476 after 0.54 seconds
[0m18:37:15.435940 [debug] [MainThread]: Sending event: {'category': 'dbt', 'action': 'invocation', 'label': 'end', 'context': [<snowplow_tracker.self_describing_json.SelfDescribingJson object at 0x109c57d00>, <snowplow_tracker.self_describing_json.SelfDescribingJson object at 0x10d096130>, <snowplow_tracker.self_describing_json.SelfDescribingJson object at 0x10c7ff2b0>]}
[0m18:37:15.436302 [debug] [MainThread]: Flushing usage events
